F:\MY VC PROJECTS\MYHOMEWORK3\DEBUG\MYHOMEWORK3.EXE
F:\MY VC PROJECTS\MYHOMEWORK3\DEBUG\MYHOMEWORK3.ILK
F:\MY VC PROJECTS\MYHOMEWORK3\DEBUG\MYHOMEWORK3.PDB
F:\MY VC PROJECTS\MYHOMEWORK3\MYHOMEWORK3\DEBUG\BASICSHAPES.OBJ
F:\My VC Projects\MyHomework3\MyHomework3\Debug\cl.command.1.tlog
F:\My VC Projects\MyHomework3\MyHomework3\Debug\CL.read.1.tlog
F:\My VC Projects\MyHomework3\MyHomework3\Debug\CL.write.1.tlog
F:\MY VC PROJECTS\MYHOMEWORK3\MYHOMEWORK3\DEBUG\CUBE1.OBJ
F:\MY VC PROJECTS\MYHOMEWORK3\MYHOMEWORK3\DEBUG\CUBE2.OBJ
F:\MY VC PROJECTS\MYHOMEWORK3\MYHOMEWORK3\DEBUG\CUBE3.OBJ
F:\MY VC PROJECTS\MYHOMEWORK3\MYHOMEWORK3\DEBUG\CUBE4.OBJ
F:\MY VC PROJECTS\MYHOMEWORK3\MYHOMEWORK3\DEBUG\CUBE5.OBJ
F:\MY VC PROJECTS\MYHOMEWORK3\MYHOMEWORK3\DEBUG\HW3.OBJ
F:\My VC Projects\MyHomework3\MyHomework3\Debug\link.6396.read.1.tlog
F:\My VC Projects\MyHomework3\MyHomework3\Debug\link.6396.write.1.tlog
F:\My VC Projects\MyHomework3\MyHomework3\Debug\link.6396-cvtres.read.1.tlog
F:\My VC Projects\MyHomework3\MyHomework3\Debug\link.6396-cvtres.write.1.tlog
F:\My VC Projects\MyHomework3\MyHomework3\Debug\link.command.1.tlog
F:\My VC Projects\MyHomework3\MyHomework3\Debug\link.read.1.tlog
F:\My VC Projects\MyHomework3\MyHomework3\Debug\link.write.1.tlog
F:\My VC Projects\MyHomework3\MyHomework3\Debug\link-cvtres.read.1.tlog
F:\My VC Projects\MyHomework3\MyHomework3\Debug\link-cvtres.write.1.tlog
F:\My VC Projects\MyHomework3\MyHomework3\Debug\mt.command.1.tlog
F:\My VC Projects\MyHomework3\MyHomework3\Debug\mt.read.1.tlog
F:\My VC Projects\MyHomework3\MyHomework3\Debug\mt.write.1.tlog
F:\MY VC PROJECTS\MYHOMEWORK3\MYHOMEWORK3\DEBUG\MYHOMEWORK3.EXE.EMBED.MANIFEST
F:\MY VC PROJECTS\MYHOMEWORK3\MYHOMEWORK3\DEBUG\MYHOMEWORK3.EXE.EMBED.MANIFEST.RES
F:\MY VC PROJECTS\MYHOMEWORK3\MYHOMEWORK3\DEBUG\MYHOMEWORK3.EXE.INTERMEDIATE.MANIFEST
F:\My VC Projects\MyHomework3\MyHomework3\Debug\MyHomework3.write.1.tlog
F:\My VC Projects\MyHomework3\MyHomework3\Debug\MyHomework3_manifest.rc
F:\MY VC PROJECTS\MYHOMEWORK3\MYHOMEWORK3\DEBUG\NUMBERS.OBJ
F:\My VC Projects\MyHomework3\MyHomework3\Debug\rc.command.1.tlog
F:\My VC Projects\MyHomework3\MyHomework3\Debug\rc.read.1.tlog
F:\My VC Projects\MyHomework3\MyHomework3\Debug\rc.write.1.tlog
F:\MY VC PROJECTS\MYHOMEWORK3\MYHOMEWORK3\DEBUG\SHADOWS.OBJ
F:\My VC Projects\MyHomework3\MyHomework3\Debug\vc100.idb
F:\MY VC PROJECTS\MYHOMEWORK3\MYHOMEWORK3\DEBUG\VC100.PDB
