生成启动时间为 12/3/2014 9:32:07 PM。
     1>项目“F:\My VC Projects\MyHomework3\MyHomework3\MyHomework3.vcxproj”在节点 2 上(build 个目标)。
     1>InitializeBuildStatus:
         正在创建“Debug\MyHomework3.unsuccessfulbuild”，因为已指定“AlwaysCreate”。
       ClCompile:
         E:\Program Files (x86)\Microsoft Visual Studio 10.0\VC\bin\CL.exe /c /ZI /nologo /W3 /WX- /Od /Oy- /D WIN32 /D _DEBUG /D _CONSOLE /D _UNICODE /D UNICODE /Gm /EHsc /RTC1 /MDd /GS /fp:precise /Zc:wchar_t /Zc:forScope /Fo"Debug\\" /Fd"Debug\vc100.pdb" /Gd /TP /analyze- /errorReport:prompt hw3.cpp
         hw3.cpp
     1>f:\my vc projects\myhomework3\myhomework3\hw3.cpp(60): warning C4996: 'fopen': This function or variable may be unsafe. Consider using fopen_s instead. To disable deprecation, use _CRT_SECURE_NO_WARNINGS. See online help for details.
                 e:\program files (x86)\microsoft visual studio 10.0\vc\include\stdio.h(234) : 参见“fopen”的声明
       ManifestResourceCompile:
         所有输出均为最新。
       Link:
         E:\Program Files (x86)\Microsoft Visual Studio 10.0\VC\bin\link.exe /ERRORREPORT:PROMPT /OUT:"F:\My VC Projects\MyHomework3\Debug\MyHomework3.exe" /INCREMENTAL /NOLOGO kernel32.lib user32.lib gdi32.lib winspool.lib comdlg32.lib advapi32.lib shell32.lib ole32.lib oleaut32.lib uuid.lib odbc32.lib odbccp32.lib /MANIFEST /ManifestFile:"Debug\MyHomework3.exe.intermediate.manifest" /MANIFESTUAC:"level='asInvoker' uiAccess='false'" /DEBUG /PDB:"F:\My VC Projects\MyHomework3\Debug\MyHomework3.pdb" /SUBSYSTEM:CONSOLE /TLBID:1 /DYNAMICBASE /NXCOMPAT /IMPLIB:"F:\My VC Projects\MyHomework3\Debug\MyHomework3.lib" /MACHINE:X86 Debug\MyHomework3.exe.embed.manifest.res
         Debug\basicshapes.obj
         Debug\cube1.obj
         Debug\cube2.obj
         Debug\cube3.obj
         Debug\cube4.obj
         Debug\cube5.obj
         Debug\hw3.obj
         Debug\numbers.obj
         Debug\blackNumbers.obj
       Manifest:
         C:\Program Files (x86)\Microsoft SDKs\Windows\v7.0A\bin\mt.exe /nologo /verbose /out:"Debug\MyHomework3.exe.embed.manifest" /manifest Debug\MyHomework3.exe.intermediate.manifest
         所有输出均为最新。
       LinkEmbedManifest:
         所有输出均为最新。
         MyHomework3.vcxproj -> F:\My VC Projects\MyHomework3\Debug\MyHomework3.exe
       FinalizeBuildStatus:
         正在删除文件“Debug\MyHomework3.unsuccessfulbuild”。
         正在对“Debug\MyHomework3.lastbuildstate”执行 Touch 任务。
     1>已完成生成项目“F:\My VC Projects\MyHomework3\MyHomework3\MyHomework3.vcxproj”(build 个目标)的操作。

生成成功。

已用时间 00:00:00.67
